Created elasticsearch keystore in /usr/share/elasticsearch/config/elasticsearch.keystore
Java vector incubator API enabled; uses preferredBitSize=256

"ecs.version": "1.2.0",
"service.name":"ES_ECS",
"event.dataset":"elasticsearch.server",
"process.thread.name":"main",
"log.logger":"org.elasticsearch.node.Node",
"elasticsearch.node.name":"ccdf57a35c58",
"elasticsearch.cluster.name":"docker-cluster"

JVM home [/usr/share/elasticsearch/jdk], using bundled JDK [true]


JVM arguments [
    -Des.networkaddress.cache.ttl=60, 
    -Des.networkaddress.cache.negative.ttl=10, 
    -Djava.security.manager=allow, 
    -XX:+AlwaysPreTouch, -Xss1m, 
    -Djava.awt.headless=true, 
    -Dfile.encoding=UTF-8, 
    -Djna.nosys=true, 
    -XX:-OmitStackTraceInFastThrow, 
    -Dio.netty.noUnsafe=true, 
    -Dio.netty.noKeySetOptimization=true, 
    -Dio.netty.recycler.maxCapacityPerThread=0, 
    -Dlog4j.shutdownHookEnabled=false, 
    -Dlog4j2.disable.jmx=true, 
    -Dlog4j2.formatMsgNoLookups=true, 
    -Djava.locale.providers=SPI,COMPAT, 
    --add-opens=java.base/java.io=org.elasticsearch.preallocate, 
    -Des.cgroups.hierarchy.override=/, 
    -XX:+UseG1GC, 
    -Djava.io.tmpdir=/tmp/elasticsearch-14494166266200466772, 
    --add-modules=jdk.incubator.vector, 
    -XX:+HeapDumpOnOutOfMemoryError, 
    -XX:+ExitOnOutOfMemoryError, 
    -XX:HeapDumpPath=data, 
    -XX:ErrorFile=logs/hs_err_pid%p.log, 
    -Xlog:gc*,gc+age=trace,safepoint:file=logs/gc.log:utctime,
    level,pid,tags:filecount=32,filesize=64m, 
    -Xms512m, -Xmx512m, 
    -XX:MaxDirectMemorySize=268435456, 
    -XX:G1HeapRegionSize=4m, 
    -XX:InitiatingHeapOccupancyPercent=30, 
    -XX:G1ReservePercent=15, 
    -Des.distribution.type=docker, 
    --module-path=/usr/share/elasticsearch/lib, 
    --add-modules=jdk.net, 
    --add-modules=org.elasticsearch.preallocate, 
    -Djdk.module.main=org.elasticsearch.server
]

loaded module
    repository-url
    rest-root
    x-pack-core
    x-pack-redact
    ingest-user-agent
    x-pack-async-search
    x-pack-monitoring
    repository-s3
    ... many more modules loaded ...
    vector-tile 
    lang-expression 
    x-pack-eql

using [1] data paths, mounts [[/usr/share/elasticsearch/data (virtiofs0)]], net usable_space [28.6gb], net total_space [233.1gb], types [virtiofs]
heap size [512mb], compressed ordinary object pointers [true]
    node name [ccdf57a35c58], 
    node ID [nvL4HCrcTWWx_baexGTE5Q], 
    cluster name [docker-cluster], 
    roles [ingest, data_cold, data, remote_cluster_client, master, data_warm, data_content, transform, data_hot, ml, data_frozen]

controller/195] [Main.cc@123] controller (64 bit): Version 8.10.2 (Build e10ab3dc98432c) Copyright (c) 2023 Elasticsearch BV

Security is disabled
Profiling is enabled
profiling index templates will not be installed or reinstalled

creating NettyAllocator with the following configs: [
    name=unpooled, 
    suggested_max_allocation_size=1mb, 
    factors={es.unsafe.use_unpooled_allocator=null, g1gc_enabled=true, g1gc_region_size=4mb, heap_size=512mb}
]
Security is disabled

using rate limit [40mb] with [default=40mb, read=0b, write=0b, max=0b]
using discovery type [single-node] and seed hosts providers [settings]

initialized
starting ...
persistent cache index loaded
deprecation component started

publish_address {172.23.0.2:9300}, bound_addresses {0.0.0.0:9300}
max virtual memory areas vm.max_map_count [65530] is too low, increase to at least [262144]
this node is locked into cluster UUID [tw6RdGZATHSXTskMg_2ZFA] and will not attempt further cluster bootstrapping
elected-as-master ([1] nodes joined in term 28)
    [ 
        _FINISH_ELECTION_, 
        {ccdf57a35c58}{nvL4HCrcTWWx_baexGTE5Q}{Nf8tyXt2QQedJcha04Pz0Q}{ccdf57a35c58}
        {172.23.0.2}{172.23.0.2:9300}{cdfhilmrstw}{8.10.2}{7000099-8100299} 
        completing election
    ], 
    term: 28, version: 1440, 
    delta: master node changed { 
        previous [], 
        current [
            {ccdf57a35c58}{nvL4HCrcTWWx_baexGTE5Q}{Nf8tyXt2QQedJcha04Pz0Q}{ccdf57a35c58}
            {172.23.0.2}{172.23.0.2:9300}{cdfhilmrstw}{8.10.2}{7000099-8100299}
        ]}

master node changed {previous [], current [{ccdf57a35c58}{nvL4HCrcTWWx_baexGTE5Q}{Nf8tyXt2QQedJcha04Pz0Q}{ccdf57a35c58}{172.23.0.2}{172.23.0.2:9300}{cdfhilmrstw}{8.10.2}{7000099-8100299}]}, term: 28, version: 1440, reason: Publication{term=28, version=1440}

starting file watcher ...
file settings service up and running [tid=57]
publish_address {172.23.0.2:9200}, bound_addresses {0.0.0.0:9200}
started {ccdf57a35c58}{nvL4HCrcTWWx_baexGTE5Q}{Nf8tyXt2QQedJcha04Pz0Q}{ccdf57a35c58}{172.23.0.2}{172.23.0.2:9300}{cdfhilmrstw}{8.10.2}{7000099-8100299}{ml.allocated_processors=6, ml.machine_memory=6219980800, transform.config_version=10.0.0, xpack.installed=true, ml.config_version=10.0.0, ml.max_jvm_size=536870912, ml.allocated_processors_double=6.0}

node-join: [
    {ccdf57a35c58}{nvL4HCrcTWWx_baexGTE5Q}{Nf8tyXt2QQedJcha04Pz0Q}{ccdf57a35c58}
    {172.23.0.2}{172.23.0.2:9300}{cdfhilmrstw}{8.10.2}{7000099-8100299}
] with reason [completing election]

[WARN] 
    [.elser_model_1] failed to load model configuration
    Could not find trained model [.elser_model_1]

license [6c0ee545-d8f9-443d-b316-d57060133704] mode [basic] - valid
recovered [34] indices into cluster_state
reloading search analyzers

Node [{ccdf57a35c58}{nvL4HCrcTWWx_baexGTE5Q}] is selected as the current health node.
reloading search analyzers

[slo-summary-timeslices-90d-rolling] updating state for transform to [{
    \"task_state\":\"started\",
    \"indexer_state\":\"stopped\",
    \"checkpoint\":1,
    \"progress\":{
        \"docs_indexed\":0,
        \"docs_processed\":0
    },
    \"should_stop_at_checkpoint\":false
}].

[slo-summary-timeslices-7d-rolling] updating state for transform to [{
    \"task_state\":\"started\",
    \"indexer_state\":\"stopped\",
    \"checkpoint\":1,
    \"progress\":{
        \"docs_indexed\":0,
        \"docs_processed\":0
    },
    \"should_stop_at_checkpoint\":false
}].

[slo-summary-occurences-weekly-aligned] updating state for transform to [{
    \"task_state\":\"started\",
    \"indexer_state\":\"stopped\",
    \"checkpoint\":1,
    \"progress\":{
        \"docs_indexed\":0,
        \"docs_processed\":0
    },
    \"should_stop_at_checkpoint\":false
}].

reloading search analyzers

[slo-summary-timeslices-90d-rolling] Transform encountered an exception: [Failed to execute phase [query], ; 
org.elasticsearch.action.search.SearchPhaseExecutionException: 
Search rejected due to missing shards [[.slo-observability.sli-v2][0]]. 
Consider using `allow_partial_search_results` setting to bypass this error.]; Will automatically retry [1/10]

[slo-summary-timeslices-90d-rolling] successfully completed and scheduled task in node operation
[slo-summary-timeslices-7d-rolling] successfully completed and scheduled task in node operation
[slo-summary-occurrences-weekly-aligned] successfully completed and scheduled task in node operation

[slo-summary-occurrences-weekly-aligned] Transform encountered an exception: [Failed to execute phase [query], ; org.elasticsearch.action.search.SearchPhaseExecutionException: Search rejected due to missing shards [[.slo-observability.sli-v2][0]]. Consider using `allow_partial_search_results` setting to bypass this error.]; Will automatically retry [1/10]

[slo-summary-occurrences-90d-rolling] successfully completed and scheduled task in node operation", "ecs.version": "1.2.0
[slo-summary-occurrences-90d-rolling] Transform encountered an exception: [Failed to execute phase [query], ; org.elasticsearch.action.search.SearchPhaseExecutionException: Search rejected due to missing shards [[.slo-observability.sli-v2][0]]. Consider using `allow_partial_search_results` setting to bypass this error.]; Will automatically retry [1/10]
[slo-summary-timeslices-monthly-aligned] successfully completed and scheduled task in node operation

[slo-summary-timeslices-monthly-aligned] Transform encountered an exception: [Failed to execute phase [query], ; org.elasticsearch.action.search.SearchPhaseExecutionException: Search rejected due to missing shards [[.slo-observability.sli-v2][0]]. Consider using `allow_partial_search_results` setting to bypass this error.]; Will automatically retry [1/10]

[slo-summary-occurrences-7d-rolling] successfully completed and scheduled task in node operation
[slo-summary-occurrences-7d-rolling] Transform encountered an exception: [Failed to execute phase [query], ; org.elasticsearch.action.search.SearchPhaseExecutionException: Search rejected due to missing shards [[.slo-observability.sli-v2][0]]. Consider using `allow_partial_search_results` setting to bypass this error.]; Will automatically retry [1/10]

reloading search analyzers

"Cluster health status changed from [RED] to [YELLOW]"
(reason: [shards started [[.slo-observability.sli-v2][0]]]).","previous.health":"RED","reason":"shards started [[.slo-observability.sli-v2][0]]

[WARN] 
    "data_stream.dataset":"deprecation.elasticsearch",
    "data_stream.namespace":"default",
    "data_stream.type":"logs",
    "elasticsearch.elastic_product_origin":"kibana",
    "elasticsearch.event.category":"api",
    "elasticsearch.http.request.x_opaque_id":
        "unknownId;kibana:task%20manager:run%20security%3Atelemetry-prebuilt-rule-alerts:security%3Atelemetry-prebuilt-rule-alerts%3A1.0.0",
    "event.code":"deprecated_field_exclude","message":"Deprecated field [exclude] used, expected [excludes] instead"

